CRITICAL - 2021-12-15 13:44:11 --> Class "App\Controllers\ItemModel" not found
#0 C:\Users\Ian\Documents\shopping_store\system\CodeIgniter.php(802): App\Controllers\Items->fetchCart()
#1 C:\Users\Ian\Documents\shopping_store\system\CodeIgniter.php(399): CodeIgniter\CodeIgniter->runController(Object(App\Controllers\Items))
#2 C:\Users\Ian\Documents\shopping_store\system\CodeIgniter.php(317): CodeIgniter\CodeIgniter->handleRequest(NULL, Object(Config\Cache), false)
#3 C:\Users\Ian\Documents\shopping_store\public\index.php(37): CodeIgniter\CodeIgniter->run()
#4 C:\Users\Ian\Documents\shopping_store\system\Commands\Server\rewrite.php(43): require_once('C:\\Users\\Ian\\Do...')
#5 {main}
CRITICAL - 2021-12-15 13:53:29 --> Class "App\Controllers\ItemModel" not found
#0 C:\Users\Ian\Documents\shopping_store\system\CodeIgniter.php(802): App\Controllers\Items->fetchCart()
#1 C:\Users\Ian\Documents\shopping_store\system\CodeIgniter.php(399): CodeIgniter\CodeIgniter->runController(Object(App\Controllers\Items))
#2 C:\Users\Ian\Documents\shopping_store\system\CodeIgniter.php(317): CodeIgniter\CodeIgniter->handleRequest(NULL, Object(Config\Cache), false)
#3 C:\Users\Ian\Documents\shopping_store\public\index.php(37): CodeIgniter\CodeIgniter->run()
#4 C:\Users\Ian\Documents\shopping_store\system\Commands\Server\rewrite.php(43): require_once('C:\\Users\\Ian\\Do...')
#5 {main}
CRITICAL - 2021-12-15 13:53:44 --> Class "App\Controllers\ItemModel" not found
#0 C:\Users\Ian\Documents\shopping_store\system\CodeIgniter.php(802): App\Controllers\Items->fetchCart()
#1 C:\Users\Ian\Documents\shopping_store\system\CodeIgniter.php(399): CodeIgniter\CodeIgniter->runController(Object(App\Controllers\Items))
#2 C:\Users\Ian\Documents\shopping_store\system\CodeIgniter.php(317): CodeIgniter\CodeIgniter->handleRequest(NULL, Object(Config\Cache), false)
#3 C:\Users\Ian\Documents\shopping_store\public\index.php(37): CodeIgniter\CodeIgniter->run()
#4 C:\Users\Ian\Documents\shopping_store\system\Commands\Server\rewrite.php(43): require_once('C:\\Users\\Ian\\Do...')
#5 {main}
CRITICAL - 2021-12-15 13:54:47 --> Undefined property: App\Controllers\Items::$fetch
#0 C:\Users\Ian\Documents\shopping_store\app\Controllers\Items.php(14): CodeIgniter\Debug\Exceptions->errorHandler(2, 'Undefined prope...', 'C:\\Users\\Ian\\Do...', 14)
#1 C:\Users\Ian\Documents\shopping_store\system\CodeIgniter.php(802): App\Controllers\Items->fetchCart()
#2 C:\Users\Ian\Documents\shopping_store\system\CodeIgniter.php(399): CodeIgniter\CodeIgniter->runController(Object(App\Controllers\Items))
#3 C:\Users\Ian\Documents\shopping_store\system\CodeIgniter.php(317): CodeIgniter\CodeIgniter->handleRequest(NULL, Object(Config\Cache), false)
#4 C:\Users\Ian\Documents\shopping_store\public\index.php(37): CodeIgniter\CodeIgniter->run()
#5 C:\Users\Ian\Documents\shopping_store\system\Commands\Server\rewrite.php(43): require_once('C:\\Users\\Ian\\Do...')
#6 {main}
