CRITICAL - 2021-12-14 00:49:41 --> Trying to access array offset on value of type null
#0 C:\Users\Ian\Documents\shopping_store\app\Views\auth\homepage.php(33): CodeIgniter\Debug\Exceptions->errorHandler(2, 'Trying to acces...', 'C:\\Users\\Ian\\Do...', 33)
#1 C:\Users\Ian\Documents\shopping_store\system\View\View.php(214): include('C:\\Users\\Ian\\Do...')
#2 C:\Users\Ian\Documents\shopping_store\system\View\View.php(217): CodeIgniter\View\View->CodeIgniter\View\{closure}()
#3 C:\Users\Ian\Documents\shopping_store\system\Common.php(1092): CodeIgniter\View\View->render('auth/homepage.p...', Array, true)
#4 C:\Users\Ian\Documents\shopping_store\app\Controllers\Auth.php(44): view('auth/homepage.p...')
#5 C:\Users\Ian\Documents\shopping_store\system\CodeIgniter.php(802): App\Controllers\Auth->homepage()
#6 C:\Users\Ian\Documents\shopping_store\system\CodeIgniter.php(399): CodeIgniter\CodeIgniter->runController(Object(App\Controllers\Auth))
#7 C:\Users\Ian\Documents\shopping_store\system\CodeIgniter.php(317): CodeIgniter\CodeIgniter->handleRequest(NULL, Object(Config\Cache), false)
#8 C:\Users\Ian\Documents\shopping_store\public\index.php(37): CodeIgniter\CodeIgniter->run()
#9 C:\Users\Ian\Documents\shopping_store\system\Commands\Server\rewrite.php(43): require_once('C:\\Users\\Ian\\Do...')
#10 {main}
CRITICAL - 2021-12-14 02:24:00 --> Trying to access array offset on value of type null
#0 C:\Users\Ian\Documents\shopping_store\app\Views\homepage.php(33): CodeIgniter\Debug\Exceptions->errorHandler(2, 'Trying to acces...', 'C:\\Users\\Ian\\Do...', 33)
#1 C:\Users\Ian\Documents\shopping_store\system\View\View.php(214): include('C:\\Users\\Ian\\Do...')
#2 C:\Users\Ian\Documents\shopping_store\system\View\View.php(217): CodeIgniter\View\View->CodeIgniter\View\{closure}()
#3 C:\Users\Ian\Documents\shopping_store\system\Common.php(1092): CodeIgniter\View\View->render('homepage', Array, true)
#4 C:\Users\Ian\Documents\shopping_store\app\Controllers\Home.php(9): view('homepage')
#5 C:\Users\Ian\Documents\shopping_store\system\CodeIgniter.php(802): App\Controllers\Home->index()
#6 C:\Users\Ian\Documents\shopping_store\system\CodeIgniter.php(399): CodeIgniter\CodeIgniter->runController(Object(App\Controllers\Home))
#7 C:\Users\Ian\Documents\shopping_store\system\CodeIgniter.php(317): CodeIgniter\CodeIgniter->handleRequest(NULL, Object(Config\Cache), false)
#8 C:\Users\Ian\Documents\shopping_store\public\index.php(37): CodeIgniter\CodeIgniter->run()
#9 C:\Users\Ian\Documents\shopping_store\system\Commands\Server\rewrite.php(43): require_once('C:\\Users\\Ian\\Do...')
#10 {main}
