CRITICAL - 2021-11-11 07:14:45 --> syntax error, unexpected token "}", expecting "," or ";"
#0 /Applications/MAMP/htdocs/shopping_store /system/Router/Router.php(160): CodeIgniter\Router\Router->autoRoute('auth')
#1 /Applications/MAMP/htdocs/shopping_store /system/CodeIgniter.php(702): CodeIgniter\Router\Router->handle('auth')
#2 /Applications/MAMP/htdocs/shopping_store /system/CodeIgniter.php(358): CodeIgniter\CodeIgniter->tryToRouteIt(Object(CodeIgniter\Router\RouteCollection))
#3 /Applications/MAMP/htdocs/shopping_store /system/CodeIgniter.php(317): CodeIgniter\CodeIgniter->handleRequest(NULL, Object(Config\Cache), false)
#4 /Applications/MAMP/htdocs/shopping_store /public/index.php(37): CodeIgniter\CodeIgniter->run()
#5 /Applications/MAMP/htdocs/shopping_store /system/Commands/Server/rewrite.php(43): require_once('/Applications/M...')
#6 {main}
CRITICAL - 2021-11-11 10:08:32 --> Undefined variable $lastName
#0 /Applications/MAMP/htdocs/shopping_store /app/Views/auth/homepage.php(19): CodeIgniter\Debug\Exceptions->errorHandler(2, 'Undefined varia...', '/Applications/M...', 19)
#1 /Applications/MAMP/htdocs/shopping_store /system/View/View.php(214): include('/Applications/M...')
#2 /Applications/MAMP/htdocs/shopping_store /system/View/View.php(217): CodeIgniter\View\View->CodeIgniter\View\{closure}()
#3 /Applications/MAMP/htdocs/shopping_store /system/Common.php(1092): CodeIgniter\View\View->render('auth/homepage.p...', Array, true)
#4 /Applications/MAMP/htdocs/shopping_store /app/Controllers/Auth.php(30): view('auth/homepage.p...')
#5 /Applications/MAMP/htdocs/shopping_store /system/CodeIgniter.php(802): App\Controllers\Auth->homePage()
#6 /Applications/MAMP/htdocs/shopping_store /system/CodeIgniter.php(399): CodeIgniter\CodeIgniter->runController(Object(App\Controllers\Auth))
#7 /Applications/MAMP/htdocs/shopping_store /system/CodeIgniter.php(317): CodeIgniter\CodeIgniter->handleRequest(NULL, Object(Config\Cache), false)
#8 /Applications/MAMP/htdocs/shopping_store /public/index.php(37): CodeIgniter\CodeIgniter->run()
#9 /Applications/MAMP/htdocs/shopping_store /system/Commands/Server/rewrite.php(43): require_once('/Applications/M...')
#10 {main}
CRITICAL - 2021-11-11 10:09:10 --> Undefined variable $lastName
#0 /Applications/MAMP/htdocs/shopping_store /app/Views/auth/homepage.php(19): CodeIgniter\Debug\Exceptions->errorHandler(2, 'Undefined varia...', '/Applications/M...', 19)
#1 /Applications/MAMP/htdocs/shopping_store /system/View/View.php(214): include('/Applications/M...')
#2 /Applications/MAMP/htdocs/shopping_store /system/View/View.php(217): CodeIgniter\View\View->CodeIgniter\View\{closure}()
#3 /Applications/MAMP/htdocs/shopping_store /system/Common.php(1092): CodeIgniter\View\View->render('auth/homepage.p...', Array, true)
#4 /Applications/MAMP/htdocs/shopping_store /app/Controllers/Auth.php(30): view('auth/homepage.p...')
#5 /Applications/MAMP/htdocs/shopping_store /system/CodeIgniter.php(802): App\Controllers\Auth->homePage()
#6 /Applications/MAMP/htdocs/shopping_store /system/CodeIgniter.php(399): CodeIgniter\CodeIgniter->runController(Object(App\Controllers\Auth))
#7 /Applications/MAMP/htdocs/shopping_store /system/CodeIgniter.php(317): CodeIgniter\CodeIgniter->handleRequest(NULL, Object(Config\Cache), false)
#8 /Applications/MAMP/htdocs/shopping_store /public/index.php(37): CodeIgniter\CodeIgniter->run()
#9 /Applications/MAMP/htdocs/shopping_store /system/Commands/Server/rewrite.php(43): require_once('/Applications/M...')
#10 {main}
CRITICAL - 2021-11-11 12:54:12 --> Call to undefined function link_tag()
#0 /Applications/MAMP/htdocs/shopping_store /system/View/View.php(214): include()
#1 /Applications/MAMP/htdocs/shopping_store /system/View/View.php(217): CodeIgniter\View\View->CodeIgniter\View\{closure}()
#2 /Applications/MAMP/htdocs/shopping_store /system/Common.php(1092): CodeIgniter\View\View->render('auth/homepage.p...', Array, true)
#3 /Applications/MAMP/htdocs/shopping_store /app/Controllers/Auth.php(30): view('auth/homepage.p...')
#4 /Applications/MAMP/htdocs/shopping_store /system/CodeIgniter.php(802): App\Controllers\Auth->homePage()
#5 /Applications/MAMP/htdocs/shopping_store /system/CodeIgniter.php(399): CodeIgniter\CodeIgniter->runController(Object(App\Controllers\Auth))
#6 /Applications/MAMP/htdocs/shopping_store /system/CodeIgniter.php(317): CodeIgniter\CodeIgniter->handleRequest(NULL, Object(Config\Cache), false)
#7 /Applications/MAMP/htdocs/shopping_store /public/index.php(37): CodeIgniter\CodeIgniter->run()
#8 /Applications/MAMP/htdocs/shopping_store /system/Commands/Server/rewrite.php(43): require_once('/Applications/M...')
#9 {main}
CRITICAL - 2021-11-11 12:54:35 --> Trying to access array offset on value of type null
#0 /Applications/MAMP/htdocs/shopping_store /app/Views/auth/homepage.php(30): CodeIgniter\Debug\Exceptions->errorHandler(2, 'Trying to acces...', '/Applications/M...', 30)
#1 /Applications/MAMP/htdocs/shopping_store /system/View/View.php(214): include('/Applications/M...')
#2 /Applications/MAMP/htdocs/shopping_store /system/View/View.php(217): CodeIgniter\View\View->CodeIgniter\View\{closure}()
#3 /Applications/MAMP/htdocs/shopping_store /system/Common.php(1092): CodeIgniter\View\View->render('auth/homepage.p...', Array, true)
#4 /Applications/MAMP/htdocs/shopping_store /app/Controllers/Auth.php(30): view('auth/homepage.p...')
#5 /Applications/MAMP/htdocs/shopping_store /system/CodeIgniter.php(802): App\Controllers\Auth->homePage()
#6 /Applications/MAMP/htdocs/shopping_store /system/CodeIgniter.php(399): CodeIgniter\CodeIgniter->runController(Object(App\Controllers\Auth))
#7 /Applications/MAMP/htdocs/shopping_store /system/CodeIgniter.php(317): CodeIgniter\CodeIgniter->handleRequest(NULL, Object(Config\Cache), false)
#8 /Applications/MAMP/htdocs/shopping_store /public/index.php(37): CodeIgniter\CodeIgniter->run()
#9 /Applications/MAMP/htdocs/shopping_store /system/Commands/Server/rewrite.php(43): require_once('/Applications/M...')
#10 {main}
CRITICAL - 2021-11-11 13:02:34 --> Trying to access array offset on value of type null
#0 /Applications/MAMP/htdocs/shopping_store /app/Views/auth/homepage.php(17): CodeIgniter\Debug\Exceptions->errorHandler(2, 'Trying to acces...', '/Applications/M...', 17)
#1 /Applications/MAMP/htdocs/shopping_store /system/View/View.php(214): include('/Applications/M...')
#2 /Applications/MAMP/htdocs/shopping_store /system/View/View.php(217): CodeIgniter\View\View->CodeIgniter\View\{closure}()
#3 /Applications/MAMP/htdocs/shopping_store /system/Common.php(1092): CodeIgniter\View\View->render('auth/homepage.p...', Array, true)
#4 /Applications/MAMP/htdocs/shopping_store /app/Controllers/Auth.php(30): view('auth/homepage.p...')
#5 /Applications/MAMP/htdocs/shopping_store /system/CodeIgniter.php(802): App\Controllers\Auth->homePage()
#6 /Applications/MAMP/htdocs/shopping_store /system/CodeIgniter.php(399): CodeIgniter\CodeIgniter->runController(Object(App\Controllers\Auth))
#7 /Applications/MAMP/htdocs/shopping_store /system/CodeIgniter.php(317): CodeIgniter\CodeIgniter->handleRequest(NULL, Object(Config\Cache), false)
#8 /Applications/MAMP/htdocs/shopping_store /public/index.php(37): CodeIgniter\CodeIgniter->run()
#9 /Applications/MAMP/htdocs/shopping_store /system/Commands/Server/rewrite.php(43): require_once('/Applications/M...')
#10 {main}
